0 info it worked if it ends with ok
1 verbose cli [ '/opt/boxen/nodenv/versions/v4.0.0/bin/node',
1 verbose cli   '/opt/boxen/nodenv/versions/v4.0.0/bin/npm',
1 verbose cli   'version',
1 verbose cli   'patch' ]
2 info using npm@2.14.2
3 info using node@v4.0.0
4 error version No valid package.json found
5 verbose stack SyntaxError: Unexpected token }
5 verbose stack     at Object.parse (native)
5 verbose stack     at /opt/boxen/nodenv/versions/v4.0.0/lib/node_modules/npm/lib/version.js:35:19
5 verbose stack     at /opt/boxen/nodenv/versions/v4.0.0/lib/node_modules/npm/node_modules/graceful-fs/graceful-fs.js:76:16
5 verbose stack     at FSReqWrap.readFileAfterClose [as oncomplete] (fs.js:380:3)
6 verbose cwd /Users/fd/src/ng-haraway
7 error Darwin 15.0.0
8 error argv "/opt/boxen/nodenv/versions/v4.0.0/bin/node" "/opt/boxen/nodenv/versions/v4.0.0/bin/npm" "version" "patch"
9 error node v4.0.0
10 error npm  v2.14.2
11 error Unexpected token }
12 error If you need help, you may report this error at:
12 error     <https://github.com/npm/npm/issues>
13 verbose exit [ 1, true ]
